{"C:\\Users\\81806\\Downloads\\test_test01-main\\test_test01-main\\UrlShortner\\add.js": {"path":"C:\\Users\\81806\\Downloads\\test_test01-main\\test_test01-main\\UrlShortner\\add.js","statementMap":{"0":{"start":{"line":2,"column":4},"end":{"line":2,"column":30}}},"fnMap":{"0":{"name":"add","decl":{"start":{"line":1,"column":16},"end":{"line":1,"column":19}},"loc":{"start":{"line":1,"column":38},"end":{"line":3,"column":3}},"line":1}},"branchMap":{},"s":{"0":2},"f":{"0":2},"b":{},"_coverageSchema":"1a1c01bbd47fc00a2c39e90264f33305004495a9","hash":"08cb3b80a10ea68685bb493af8fb41221fe6f0e8"}
}
